This is pdfTeX, Version 3.141592653-2.6-1.40.22 (TeX Live 2021) (preloaded format=pdflatex 2022.1.13)  2 JAN 2026 14:32
entering extended mode
 restricted \write18 enabled.
 %&-line parsing enabled.
**term25.tex
(./term25.tex
LaTeX2e <2020-10-01> patch level 4
L3 programming layer <2021-02-18> (./llncs.cls
Document Class: llncs 2018/03/10 v2.20 
 LaTeX document class for Lecture Notes in Computer Science
(/usr/local/texlive/2021/texmf-dist/tex/latex/base/article.cls
Document Class: article 2020/04/10 v1.4m Standard LaTeX document class
(/usr/local/texlive/2021/texmf-dist/tex/latex/base/size10.clo
File: size10.clo 2020/04/10 v1.4m Standard LaTeX file (size option)
)
\c@part=\count179
\c@section=\count180
\c@subsection=\count181
\c@subsubsection=\count182
\c@paragraph=\count183
\c@subparagraph=\count184
\c@figure=\count185
\c@table=\count186
\abovecaptionskip=\skip47
\belowcaptionskip=\skip48
\bibindent=\dimen138
)
(/usr/local/texlive/2021/texmf-dist/tex/latex/tools/multicol.sty
Package: multicol 2019/12/09 v1.8y multicolumn formatting (FMi)
\c@tracingmulticols=\count187
\mult@box=\box47
\multicol@leftmargin=\dimen139
\c@unbalance=\count188
\c@collectmore=\count189
\doublecol@number=\count190
\multicoltolerance=\count191
\multicolpretolerance=\count192
\full@width=\dimen140
\page@free=\dimen141
\premulticols=\dimen142
\postmulticols=\dimen143
\multicolsep=\skip49
\multicolbaselineskip=\skip50
\partial@page=\box48
\last@line=\box49
\maxbalancingoverflow=\dimen144
\mult@rightbox=\box50
\mult@grightbox=\box51
\mult@gfirstbox=\box52
\mult@firstbox=\box53
\@tempa=\box54
\@tempa=\box55
\@tempa=\box56
\@tempa=\box57
\@tempa=\box58
\@tempa=\box59
\@tempa=\box60
\@tempa=\box61
\@tempa=\box62
\@tempa=\box63
\@tempa=\box64
\@tempa=\box65
\@tempa=\box66
\@tempa=\box67
\@tempa=\box68
\@tempa=\box69
\@tempa=\box70
\@tempa=\box71
\@tempa=\box72
\@tempa=\box73
\@tempa=\box74
\@tempa=\box75
\@tempa=\box76
\@tempa=\box77
\@tempa=\box78
\@tempa=\box79
\@tempa=\box80
\@tempa=\box81
\@tempa=\box82
\@tempa=\box83
\@tempa=\box84
\@tempa=\box85
\@tempa=\box86
\@tempa=\box87
\@tempa=\box88
\@tempa=\box89
\@tempa=\box90
\c@minrows=\count193
\c@columnbadness=\count194
\c@finalcolumnbadness=\count195
\last@try=\dimen145
\multicolovershoot=\dimen146
\multicolundershoot=\dimen147
\mult@nat@firstbox=\box91
\colbreak@box=\box92
\mc@col@check@num=\count196
)
(/usr/local/texlive/2021/texmf-dist/tex/latex/oberdiek/aliascnt.sty
Package: aliascnt 2018/09/07 v1.5 Alias counters (HO)
)
\c@chapter=\count197
LaTeX Font Info:    Redeclaring math symbol \Gamma on input line 362.
LaTeX Font Info:    Redeclaring math symbol \Delta on input line 363.
LaTeX Font Info:    Redeclaring math symbol \Theta on input line 364.
LaTeX Font Info:    Redeclaring math symbol \Lambda on input line 365.
LaTeX Font Info:    Redeclaring math symbol \Xi on input line 366.
LaTeX Font Info:    Redeclaring math symbol \Pi on input line 367.
LaTeX Font Info:    Redeclaring math symbol \Sigma on input line 368.
LaTeX Font Info:    Redeclaring math symbol \Upsilon on input line 369.
LaTeX Font Info:    Redeclaring math symbol \Phi on input line 370.
LaTeX Font Info:    Redeclaring math symbol \Psi on input line 371.
LaTeX Font Info:    Redeclaring math symbol \Omega on input line 372.
\tocchpnum=\dimen148
\tocsecnum=\dimen149
\tocsectotal=\dimen150
\tocsubsecnum=\dimen151
\tocsubsectotal=\dimen152
\tocsubsubsecnum=\dimen153
\tocsubsubsectotal=\dimen154
\tocparanum=\dimen155
\tocparatotal=\dimen156
\tocsubparanum=\dimen157
\@tempcntc=\count198
\fnindent=\dimen158
\c@@inst=\count199
\c@@auth=\count266
\c@auco=\count267
\instindent=\dimen159
\authrun=\box93
\authorrunning=\toks15
\tocauthor=\toks16
\titrun=\box94
\titlerunning=\toks17
\toctitle=\toks18
\c@theorem=\count268
\c@case=\count269
\c@conjecture=\count270
\c@corollary=\count271
\c@definition=\count272
\c@example=\count273
\c@exercise=\count274
\c@lemma=\count275
\c@note=\count276
\c@problem=\count277
\c@property=\count278
\c@proposition=\count279
\c@question=\count280
\c@solution=\count281
\c@remark=\count282
\headlineindent=\dimen160
)
(/usr/local/texlive/2021/texmf-dist/tex/latex/tools/enumerate.sty
Package: enumerate 2015/07/23 v3.00 enumerate extensions (DPC)
\@enLab=\toks19
)
(/usr/local/texlive/2021/texmf-dist/tex/latex/graphics/graphicx.sty
Package: graphicx 2020/09/09 v1.2b Enhanced LaTeX Graphics (DPC,SPQR)

(/usr/local/texlive/2021/texmf-dist/tex/latex/graphics/keyval.sty
Package: keyval 2014/10/28 v1.15 key=value parser (DPC)
\KV@toks@=\toks20
)
(/usr/local/texlive/2021/texmf-dist/tex/latex/graphics/graphics.sty
Package: graphics 2020/08/30 v1.4c Standard LaTeX Graphics (DPC,SPQR)

(/usr/local/texlive/2021/texmf-dist/tex/latex/graphics/trig.sty
Package: trig 2016/01/03 v1.10 sin cos tan (DPC)
)
(/usr/local/texlive/2021/texmf-dist/tex/latex/graphics-cfg/graphics.cfg
File: graphics.cfg 2016/06/04 v1.11 sample graphics configuration
)
Package graphics Info: Driver file: pdftex.def on input line 105.

(/usr/local/texlive/2021/texmf-dist/tex/latex/graphics-def/pdftex.def
File: pdftex.def 2020/10/05 v1.2a Graphics/color driver for pdftex
))
\Gin@req@height=\dimen161
\Gin@req@width=\dimen162
)
(/usr/local/texlive/2021/texmf-dist/tex/latex/graphics/color.sty
Package: color 2020/02/24 v1.2b Standard LaTeX Color (DPC)

(/usr/local/texlive/2021/texmf-dist/tex/latex/graphics-cfg/color.cfg
File: color.cfg 2016/01/02 v1.6 sample color configuration
)
Package color Info: Driver file: pdftex.def on input line 147.
)
(./NEW-commands.tex)
(/usr/local/texlive/2021/texmf-dist/tex/latex/l3backend/l3backend-pdftex.def
File: l3backend-pdftex.def 2021-03-18 L3 backend support: PDF output (pdfTeX)
\l__color_backend_stack_int=\count283
\l__pdf_internal_box=\box95
)
No file term25.aux.
\openout1 = `term25.aux'.

LaTeX Font Info:    Checking defaults for OML/cmm/m/it on input line 39.
LaTeX Font Info:    ... okay on input line 39.
LaTeX Font Info:    Checking defaults for OMS/cmsy/m/n on input line 39.
LaTeX Font Info:    ... okay on input line 39.
LaTeX Font Info:    Checking defaults for OT1/cmr/m/n on input line 39.
LaTeX Font Info:    ... okay on input line 39.
LaTeX Font Info:    Checking defaults for T1/cmr/m/n on input line 39.
LaTeX Font Info:    ... okay on input line 39.
LaTeX Font Info:    Checking defaults for TS1/cmr/m/n on input line 39.
LaTeX Font Info:    ... okay on input line 39.
LaTeX Font Info:    Checking defaults for OMX/cmex/m/n on input line 39.
LaTeX Font Info:    ... okay on input line 39.
LaTeX Font Info:    Checking defaults for U/cmr/m/n on input line 39.
LaTeX Font Info:    ... okay on input line 39.
(/usr/local/texlive/2021/texmf-dist/tex/context/base/mkii/supp-pdf.mkii
[Loading MPS to PDF converter (version 2006.09.02).]
\scratchcounter=\count284
\scratchdimen=\dimen163
\scratchbox=\box96
\nofMPsegments=\count285
\nofMParguments=\count286
\everyMPshowfont=\toks21
\MPscratchCnt=\count287
\MPscratchDim=\dimen164
\MPnumerator=\count288
\makeMPintoPDFobject=\count289
\everyMPtoPDFconversion=\toks22
) (/usr/local/texlive/2021/texmf-dist/tex/latex/epstopdf-pkg/epstopdf-base.sty
Package: epstopdf-base 2020-01-24 v2.11 Base part for package epstopdf
Package epstopdf-base Info: Redefining graphics rule for `.eps' on input line 4
85.

(/usr/local/texlive/2021/texmf-dist/tex/latex/latexconfig/epstopdf-sys.cfg
File: epstopdf-sys.cfg 2010/07/13 v1.3 Configuration of (r)epstopdf for TeX Liv
e
))
LaTeX Font Info:    External font `cmex10' loaded for size
(Font)              <7> on input line 41.
LaTeX Font Info:    External font `cmex10' loaded for size
(Font)              <5> on input line 41.
LaTeX Font Info:    External font `cmex10' loaded for size
(Font)              <9> on input line 41.
LaTeX Font Info:    External font `cmex10' loaded for size
(Font)              <6> on input line 41.


LaTeX Warning: Citation `Hoa69' on page 1 undefined on input line 56.


LaTeX Warning: Citation `Flo67a' on page 1 undefined on input line 68.


LaTeX Warning: Citation `Flo67a' on page 1 undefined on input line 77.


LaTeX Warning: Citation `MP74' on page 1 undefined on input line 84.


LaTeX Warning: Citation `ABO09' on page 1 undefined on input line 87.

[1

{/usr/local/texlive/2021/texmf-var/fonts/map/pdftex/updmap/pdftex.map}]

LaTeX Warning: Citation `CookPR11' on page 2 undefined on input line 92.


LaTeX Warning: Citation `AO19' on page 2 undefined on input line 162.


LaTeX Warning: Citation `Apt81a' on page 2 undefined on input line 164.


LaTeX Warning: Citation `GR16' on page 2 undefined on input line 164.


LaTeX Warning: Citation `Tiu02' on page 2 undefined on input line 164.

[2]

LaTeX Warning: Citation `Pla13' on page 3 undefined on input line 201.


LaTeX Warning: Citation `Pla13' on page 3 undefined on input line 208.

[3]
Overfull \hbox (4.9515pt too wide) in paragraph at lines 245--247
\OT1/cmr/m/n/10 MENT WAS ADDED LATER BY LAUER. OTH-ER-WISE IT SUG-GESTS THAT
 []


LaTeX Warning: Citation `Hoa69' on page 4 undefined on input line 250.


LaTeX Warning: Reference `LOOPIIt' on page 4 undefined on input line 311.

[4]

LaTeX Warning: Citation `ABO90' on page 5 undefined on input line 401.


LaTeX Warning: Citation `Rey98' on page 5 undefined on input line 402.


LaTeX Warning: Citation `Almeida11' on page 5 undefined on input line 402.


LaTeX Warning: Citation `OG76a' on page 5 undefined on input line 403.


LaTeX Warning: Citation `EWD:EWD573' on page 5 undefined on input line 405.


LaTeX Warning: Citation `EWD:EWD573pub' on page 5 undefined on input line 406.

[5]

LaTeX Warning: Citation `ABO25' on page 6 undefined on input line 409.


LaTeX Warning: Citation `Harel79' on page 6 undefined on input line 442.


LaTeX Warning: Citation `AptP86' on page 6 undefined on input line 446.


LaTeX Warning: Citation `ABO09' on page 6 undefined on input line 465.

[6]

LaTeX Warning: Citation `ABO09' on page 7 undefined on input line 501.


LaTeX Warning: Reference `sec:proof' on page 7 undefined on input line 527.


LaTeX Warning: Reference `thm:1' on page 7 undefined on input line 527.


LaTeX Warning: Reference `thm:main' on page 7 undefined on input line 530.

[7]

LaTeX Warning: Reference `lem:equiv' on page 8 undefined on input line 560.


LaTeX Warning: Reference `lem:equiv' on page 8 undefined on input line 577.


LaTeX Warning: Reference `thm:main' on page 8 undefined on input line 577.


LaTeX Warning: Reference `lem:equiv' on page 8 undefined on input line 586.


Overfull \hbox (2.07358pt too wide) in paragraph at lines 634--636
[]\OT1/cmr/m/n/10 Next, by the $[]$-INTRODUCTION rule, we de-rive from $[]$ 
 []

[8]

LaTeX Warning: Reference `thm:main' on page 9 undefined on input line 656.


LaTeX Warning: Reference `lem:1' on page 9 undefined on input line 665.


LaTeX Warning: Reference `thm:aux' on page 9 undefined on input line 672.


LaTeX Warning: Reference `lem:1' on page 9 undefined on input line 692.


LaTeX Warning: Reference `thm:aux' on page 9 undefined on input line 696.


LaTeX Warning: Reference `thm:aux' on page 9 undefined on input line 714.

[9] [10]

LaTeX Warning: Citation `ABO09' on page 11 undefined on input line 816.


LaTeX Warning: Citation `Rey98' on page 11 undefined on input line 816.


LaTeX Warning: Reference `lem:1' on page 11 undefined on input line 820.


LaTeX Warning: Reference `lem:1' on page 11 undefined on input line 840.


LaTeX Warning: Reference `lem:2' on page 11 undefined on input line 847.


LaTeX Warning: Reference `thm:aux' on page 11 undefined on input line 866.


LaTeX Warning: Reference `lem:1' on page 11 undefined on input line 866.


LaTeX Warning: Reference `thm:main' on page 11 undefined on input line 867.


LaTeX Warning: Reference `cor:main' on page 11 undefined on input line 868.


LaTeX Warning: Reference `thm:main' on page 11 undefined on input line 883.


LaTeX Warning: Reference `cor:main' on page 11 undefined on input line 883.

[11]

LaTeX Warning: Citation `OG76a' on page 12 undefined on input line 904.


LaTeX Warning: Citation `OG76a' on page 12 undefined on input line 908.


LaTeX Warning: Citation `ABO09' on page 12 undefined on input line 921.

[12]

LaTeX Warning: Citation `ABO09' on page 13 undefined on input line 957.


LaTeX Warning: Citation `ABO90' on page 13 undefined on input line 957.


LaTeX Warning: Reference `fig:po' on page 13 undefined on input line 1029.


Underfull \hbox (badness 10000) in paragraph at lines 1026--1032

 []

[13] [14]

LaTeX Warning: Reference `fig:po2' on page 15 undefined on input line 1128.


LaTeX Warning: Reference `fig:po3' on page 15 undefined on input line 1166.


LaTeX Warning: Reference `fig:po' on page 15 undefined on input line 1192.


LaTeX Warning: Reference `thm:main' on page 15 undefined on input line 1193.

[15]

LaTeX Warning: Citation `Mey97' on page 16 undefined on input line 1210.

[16]

LaTeX Warning: Citation `JML05' on page 17 undefined on input line 1220.


LaTeX Warning: Citation `BBBCKKMPPS21' on page 17 undefined on input line 1246.


No file term25.bbl.
[17] [18]

LaTeX Warning: Reference `lemma:1' on page 19 undefined on input line 1387.


LaTeX Warning: Reference `thm:1' on page 19 undefined on input line 1404.


LaTeX Warning: Reference `lemma:1' on page 19 undefined on input line 1419.


LaTeX Warning: Reference `lem:useful' on page 19 undefined on input line 1456.

[19]

LaTeX Warning: Reference `lem:useful' on page 20 undefined on input line 1477.


LaTeX Warning: Reference `lemma:1' on page 20 undefined on input line 1541.

[20]

LaTeX Warning: Reference `lemma:1' on page 21 undefined on input line 1598.

[21]

LaTeX Warning: Reference `lem:useful' on page 22 undefined on input line 1635.


LaTeX Warning: Reference `lem:useful' on page 22 undefined on input line 1661.

[22] [23]

LaTeX Warning: Citation `ABO09' on page 24 undefined on input line 1807.


LaTeX Warning: Citation `ABO09' on page 24 undefined on input line 1846.

[24]

LaTeX Warning: Reference `thm:book' on page 25 undefined on input line 1923.


LaTeX Warning: Reference `lem:z' on page 25 undefined on input line 1952.


LaTeX Warning: Reference `lem:z' on page 25 undefined on input line 1969.

[25] [26] (./term25.aux)

LaTeX Warning: There were undefined references.


LaTeX Warning: Label(s) may have changed. Rerun to get cross-references right.

 ) 
Here is how much of TeX's memory you used:
 1930 strings out of 478994
 25548 string characters out of 5858184
 337396 words of memory out of 5000000
 19425 multiletter control sequences out of 15000+600000
 410442 words of font info for 50 fonts, out of 8000000 for 9000
 1141 hyphenation exceptions out of 8191
 68i,16n,74p,339b,296s stack positions out of 5000i,500n,10000p,200000b,80000s
</usr/local/texlive/2021/texmf-dist/fonts/type1/public/amsfonts/cm/cmbx10.pfb
></usr/local/texlive/2021/texmf-dist/fonts/type1/public/amsfonts/cm/cmbx12.pfb>
</usr/local/texlive/2021/texmf-dist/fonts/type1/public/amsfonts/cm/cmbx9.pfb></
usr/local/texlive/2021/texmf-dist/fonts/type1/public/amsfonts/cm/cmbxti10.pfb><
/usr/local/texlive/2021/texmf-dist/fonts/type1/public/amsfonts/cm/cmmi10.pfb></
usr/local/texlive/2021/texmf-dist/fonts/type1/public/amsfonts/cm/cmmi6.pfb></us
r/local/texlive/2021/texmf-dist/fonts/type1/public/amsfonts/cm/cmmi7.pfb></usr/
local/texlive/2021/texmf-dist/fonts/type1/public/amsfonts/cm/cmmi9.pfb></usr/lo
cal/texlive/2021/texmf-dist/fonts/type1/public/amsfonts/cm/cmr10.pfb></usr/loca
l/texlive/2021/texmf-dist/fonts/type1/public/amsfonts/cm/cmr5.pfb></usr/local/t
exlive/2021/texmf-dist/fonts/type1/public/amsfonts/cm/cmr6.pfb></usr/local/texl
ive/2021/texmf-dist/fonts/type1/public/amsfonts/cm/cmr7.pfb></usr/local/texlive
/2021/texmf-dist/fonts/type1/public/amsfonts/cm/cmr9.pfb></usr/local/texlive/20
21/texmf-dist/fonts/type1/public/amsfonts/cm/cmsy10.pfb></usr/local/texlive/202
1/texmf-dist/fonts/type1/public/amsfonts/cm/cmsy6.pfb></usr/local/texlive/2021/
texmf-dist/fonts/type1/public/amsfonts/cm/cmsy7.pfb></usr/local/texlive/2021/te
xmf-dist/fonts/type1/public/amsfonts/cm/cmsy9.pfb></usr/local/texlive/2021/texm
f-dist/fonts/type1/public/amsfonts/cm/cmti10.pfb></usr/local/texlive/2021/texmf
-dist/fonts/type1/public/amsfonts/cm/cmti7.pfb></usr/local/texlive/2021/texmf-d
ist/fonts/type1/public/amsfonts/cm/cmti9.pfb></usr/local/texlive/2021/texmf-dis
t/fonts/type1/public/amsfonts/cm/cmtt10.pfb></usr/local/texlive/2021/texmf-dist
/fonts/type1/public/amsfonts/cm/cmtt9.pfb>
Output written on term25.pdf (26 pages, 327350 bytes).
PDF statistics:
 177 PDF objects out of 1000 (max. 8388607)
 125 compressed objects within 2 object streams
 0 named destinations out of 1000 (max. 500000)
 1 words of extra memory for PDF output out of 10000 (max. 10000000)

